{"/Users/elbernabeu/Desktop/aqua-projects/shape-tracker/src/js/rectangle.js": {"path":"/Users/elbernabeu/Desktop/aqua-projects/shape-tracker/src/js/rectangle.js","statementMap":{"0":{"start":{"line":3,"column":4},"end":{"line":3,"column":23}},"1":{"start":{"line":4,"column":4},"end":{"line":4,"column":23}},"2":{"start":{"line":8,"column":4},"end":{"line":8,"column":35}}},"fnMap":{"0":{"name":"(anonymous_0)","decl":{"start":{"line":2,"column":2},"end":{"line":2,"column":3}},"loc":{"start":{"line":2,"column":28},"end":{"line":5,"column":3}},"line":2},"1":{"name":"(anonymous_1)","decl":{"start":{"line":7,"column":2},"end":{"line":7,"column":3}},"loc":{"start":{"line":7,"column":12},"end":{"line":9,"column":3}},"line":7}},"branchMap":{},"s":{"0":2,"1":2,"2":1},"f":{"0":2,"1":1},"b":{},"_coverageSchema":"43e27e138ebf9cfc5966b082cf9a028302ed4184","hash":"38946142786e87cf103cd6bda2ffef716f9aa82c"}
,"/Users/elbernabeu/Desktop/aqua-projects/shape-tracker/src/js/triangle.js": {"path":"/Users/elbernabeu/Desktop/aqua-projects/shape-tracker/src/js/triangle.js","statementMap":{"0":{"start":{"line":3,"column":2},"end":{"line":3,"column":21}},"1":{"start":{"line":4,"column":2},"end":{"line":4,"column":21}},"2":{"start":{"line":5,"column":2},"end":{"line":5,"column":21}},"3":{"start":{"line":9,"column":4},"end":{"line":17,"column":5}},"4":{"start":{"line":10,"column":6},"end":{"line":10,"column":30}},"5":{"start":{"line":11,"column":11},"end":{"line":17,"column":5}},"6":{"start":{"line":12,"column":6},"end":{"line":12,"column":32}},"7":{"start":{"line":13,"column":11},"end":{"line":17,"column":5}},"8":{"start":{"line":14,"column":8},"end":{"line":14,"column":38}},"9":{"start":{"line":16,"column":6},"end":{"line":16,"column":34}}},"fnMap":{"0":{"name":"(anonymous_0)","decl":{"start":{"line":2,"column":2},"end":{"line":2,"column":3}},"loc":{"start":{"line":2,"column":35},"end":{"line":6,"column":3}},"line":2},"1":{"name":"(anonymous_1)","decl":{"start":{"line":8,"column":2},"end":{"line":8,"column":3}},"loc":{"start":{"line":8,"column":14},"end":{"line":18,"column":3}},"line":8}},"branchMap":{"0":{"loc":{"start":{"line":9,"column":4},"end":{"line":17,"column":5}},"type":"if","locations":[{"start":{"line":9,"column":4},"end":{"line":17,"column":5}},{"start":{"line":9,"column":4},"end":{"line":17,"column":5}}],"line":9},"1":{"loc":{"start":{"line":9,"column":8},"end":{"line":9,"column":136}},"type":"binary-expr","locations":[{"start":{"line":9,"column":9},"end":{"line":9,"column":47}},{"start":{"line":9,"column":53},"end":{"line":9,"column":91}},{"start":{"line":9,"column":97},"end":{"line":9,"column":135}}],"line":9},"2":{"loc":{"start":{"line":11,"column":11},"end":{"line":17,"column":5}},"type":"if","locations":[{"start":{"line":11,"column":11},"end":{"line":17,"column":5}},{"start":{"line":11,"column":11},"end":{"line":17,"column":5}}],"line":11},"3":{"loc":{"start":{"line":11,"column":15},"end":{"line":11,"column":108}},"type":"binary-expr","locations":[{"start":{"line":11,"column":16},"end":{"line":11,"column":41}},{"start":{"line":11,"column":48},"end":{"line":11,"column":73}},{"start":{"line":11,"column":81},"end":{"line":11,"column":106}}],"line":11},"4":{"loc":{"start":{"line":13,"column":11},"end":{"line":17,"column":5}},"type":"if","locations":[{"start":{"line":13,"column":11},"end":{"line":17,"column":5}},{"start":{"line":13,"column":11},"end":{"line":17,"column":5}}],"line":13},"5":{"loc":{"start":{"line":13,"column":15},"end":{"line":13,"column":73}},"type":"binary-expr","locations":[{"start":{"line":13,"column":16},"end":{"line":13,"column":41}},{"start":{"line":13,"column":47},"end":{"line":13,"column":72}}],"line":13}},"s":{"0":5,"1":5,"2":5,"3":4,"4":1,"5":3,"6":1,"7":2,"8":1,"9":1},"f":{"0":5,"1":4},"b":{"0":[1,3],"1":[4,4,4],"2":[1,2],"3":[3,1,1],"4":[1,1],"5":[2,2]},"_coverageSchema":"43e27e138ebf9cfc5966b082cf9a028302ed4184","hash":"1a222bc37d85a0eee883b598954df4cf2df86324"}
}
