{"/Users/elbernabeu/Desktop/aqua-projects/Galactic-Calculator/src/js/galactic.js": {"path":"/Users/elbernabeu/Desktop/aqua-projects/Galactic-Calculator/src/js/galactic.js","statementMap":{"0":{"start":{"line":3,"column":4},"end":{"line":3,"column":24}},"1":{"start":{"line":7,"column":4},"end":{"line":7,"column":43}},"2":{"start":{"line":11,"column":4},"end":{"line":11,"column":43}},"3":{"start":{"line":15,"column":4},"end":{"line":15,"column":44}},"4":{"start":{"line":19,"column":4},"end":{"line":19,"column":45}},"5":{"start":{"line":23,"column":20},"end":{"line":23,"column":50}},"6":{"start":{"line":25,"column":4},"end":{"line":30,"column":7}},"7":{"start":{"line":26,"column":8},"end":{"line":26,"column":63}},"8":{"start":{"line":28,"column":25},"end":{"line":28,"column":37}},"9":{"start":{"line":29,"column":8},"end":{"line":29,"column":85}},"10":{"start":{"line":34,"column":20},"end":{"line":34,"column":58}},"11":{"start":{"line":36,"column":4},"end":{"line":41,"column":5}},"12":{"start":{"line":37,"column":6},"end":{"line":37,"column":63}},"13":{"start":{"line":39,"column":20},"end":{"line":39,"column":32}},"14":{"start":{"line":40,"column":6},"end":{"line":40,"column":82}},"15":{"start":{"line":45,"column":19},"end":{"line":45,"column":57}},"16":{"start":{"line":47,"column":4},"end":{"line":52,"column":5}},"17":{"start":{"line":48,"column":6},"end":{"line":48,"column":60}},"18":{"start":{"line":50,"column":19},"end":{"line":50,"column":30}},"19":{"start":{"line":51,"column":6},"end":{"line":51,"column":79}},"20":{"start":{"line":56,"column":20},"end":{"line":56,"column":59}},"21":{"start":{"line":58,"column":4},"end":{"line":63,"column":5}},"22":{"start":{"line":59,"column":6},"end":{"line":59,"column":60}},"23":{"start":{"line":61,"column":20},"end":{"line":61,"column":32}},"24":{"start":{"line":62,"column":6},"end":{"line":62,"column":79}},"25":{"start":{"line":67,"column":19},"end":{"line":67,"column":59}},"26":{"start":{"line":69,"column":4},"end":{"line":74,"column":5}},"27":{"start":{"line":70,"column":6},"end":{"line":70,"column":62}},"28":{"start":{"line":72,"column":19},"end":{"line":72,"column":30}},"29":{"start":{"line":73,"column":6},"end":{"line":73,"column":81}}},"fnMap":{"0":{"name":"(anonymous_0)","decl":{"start":{"line":2,"column":2},"end":{"line":2,"column":3}},"loc":{"start":{"line":2,"column":19},"end":{"line":4,"column":3}},"line":2},"1":{"name":"(anonymous_1)","decl":{"start":{"line":6,"column":2},"end":{"line":6,"column":3}},"loc":{"start":{"line":6,"column":12},"end":{"line":8,"column":3}},"line":6},"2":{"name":"(anonymous_2)","decl":{"start":{"line":10,"column":2},"end":{"line":10,"column":3}},"loc":{"start":{"line":10,"column":13},"end":{"line":12,"column":3}},"line":10},"3":{"name":"(anonymous_3)","decl":{"start":{"line":14,"column":2},"end":{"line":14,"column":3}},"loc":{"start":{"line":14,"column":12},"end":{"line":16,"column":3}},"line":14},"4":{"name":"(anonymous_4)","decl":{"start":{"line":18,"column":2},"end":{"line":18,"column":3}},"loc":{"start":{"line":18,"column":11},"end":{"line":20,"column":3}},"line":18},"5":{"name":"(anonymous_5)","decl":{"start":{"line":22,"column":2},"end":{"line":22,"column":3}},"loc":{"start":{"line":22,"column":17},"end":{"line":31,"column":3}},"line":22},"6":{"name":"(anonymous_6)","decl":{"start":{"line":33,"column":2},"end":{"line":33,"column":3}},"loc":{"start":{"line":33,"column":16},"end":{"line":42,"column":3}},"line":33},"7":{"name":"(anonymous_7)","decl":{"start":{"line":44,"column":2},"end":{"line":44,"column":3}},"loc":{"start":{"line":44,"column":15},"end":{"line":53,"column":3}},"line":44},"8":{"name":"(anonymous_8)","decl":{"start":{"line":55,"column":2},"end":{"line":55,"column":3}},"loc":{"start":{"line":55,"column":16},"end":{"line":64,"column":3}},"line":55},"9":{"name":"(anonymous_9)","decl":{"start":{"line":66,"column":2},"end":{"line":66,"column":3}},"loc":{"start":{"line":66,"column":15},"end":{"line":75,"column":3}},"line":66}},"branchMap":{"0":{"loc":{"start":{"line":25,"column":4},"end":{"line":30,"column":7}},"type":"if","locations":[{"start":{"line":25,"column":4},"end":{"line":30,"column":7}},{"start":{"line":25,"column":4},"end":{"line":30,"column":7}}],"line":25},"1":{"loc":{"start":{"line":36,"column":4},"end":{"line":41,"column":5}},"type":"if","locations":[{"start":{"line":36,"column":4},"end":{"line":41,"column":5}},{"start":{"line":36,"column":4},"end":{"line":41,"column":5}}],"line":36},"2":{"loc":{"start":{"line":47,"column":4},"end":{"line":52,"column":5}},"type":"if","locations":[{"start":{"line":47,"column":4},"end":{"line":52,"column":5}},{"start":{"line":47,"column":4},"end":{"line":52,"column":5}}],"line":47},"3":{"loc":{"start":{"line":58,"column":4},"end":{"line":63,"column":5}},"type":"if","locations":[{"start":{"line":58,"column":4},"end":{"line":63,"column":5}},{"start":{"line":58,"column":4},"end":{"line":63,"column":5}}],"line":58},"4":{"loc":{"start":{"line":69,"column":4},"end":{"line":74,"column":5}},"type":"if","locations":[{"start":{"line":69,"column":4},"end":{"line":74,"column":5}},{"start":{"line":69,"column":4},"end":{"line":74,"column":5}}],"line":69}},"s":{"0":30,"1":1,"2":1,"3":1,"4":1,"5":2,"6":2,"7":1,"8":1,"9":1,"10":2,"11":2,"12":1,"13":1,"14":1,"15":2,"16":2,"17":1,"18":1,"19":1,"20":2,"21":2,"22":1,"23":1,"24":1,"25":2,"26":2,"27":1,"28":1,"29":1},"f":{"0":30,"1":1,"2":1,"3":1,"4":1,"5":2,"6":2,"7":2,"8":2,"9":2},"b":{"0":[1,1],"1":[1,1],"2":[1,1],"3":[1,1],"4":[1,1]},"_coverageSchema":"43e27e138ebf9cfc5966b082cf9a028302ed4184","hash":"fd8157025d995ce082d33f6d646d248e70fcde17"}
}
