TN:
SF:/Users/elbernabeu/Desktop/aqua-projects/Galactic-Calculator/src/js/galactic.js
FN:2,(anonymous_0)
FN:6,(anonymous_1)
FN:10,(anonymous_2)
FN:14,(anonymous_3)
FN:18,(anonymous_4)
FN:22,(anonymous_5)
FN:33,(anonymous_6)
FN:44,(anonymous_7)
FN:55,(anonymous_8)
FN:66,(anonymous_9)
FNF:10
FNH:10
FNDA:30,(anonymous_0)
FNDA:1,(anonymous_1)
FNDA:1,(anonymous_2)
FNDA:1,(anonymous_3)
FNDA:1,(anonymous_4)
FNDA:2,(anonymous_5)
FNDA:2,(anonymous_6)
FNDA:2,(anonymous_7)
FNDA:2,(anonymous_8)
FNDA:2,(anonymous_9)
DA:3,30
DA:7,1
DA:11,1
DA:15,1
DA:19,1
DA:23,2
DA:25,2
DA:26,1
DA:28,1
DA:29,1
DA:34,2
DA:36,2
DA:37,1
DA:39,1
DA:40,1
DA:45,2
DA:47,2
DA:48,1
DA:50,1
DA:51,1
DA:56,2
DA:58,2
DA:59,1
DA:61,1
DA:62,1
DA:67,2
DA:69,2
DA:70,1
DA:72,1
DA:73,1
LF:30
LH:30
BRDA:25,0,0,1
BRDA:25,0,1,1
BRDA:36,1,0,1
BRDA:36,1,1,1
BRDA:47,2,0,1
BRDA:47,2,1,1
BRDA:58,3,0,1
BRDA:58,3,1,1
BRDA:69,4,0,1
BRDA:69,4,1,1
BRF:10
BRH:10
end_of_record
